{
"contracts\\voteCon.sol":{"l":{"39":9,"43":0,"44":0,"48":0,"49":0,"53":0,"54":0,"55":0,"56":0,"57":0,"58":0,"59":0,"61":0,"62":0,"66":0,"67":0,"68":0,"69":0,"70":0,"71":0,"75":0,"76":0,"77":0,"78":0,"79":0,"80":0,"84":0,"85":0,"89":0,"93":0,"94":0,"95":0,"97":0,"101":0,"105":1},"path":"C:\\Users\\dimokrit\\Documents\\HardHat\\contracts\\voteCon.sol","s":{"1":9,"2":0,"3":0,"4":0,"5":0,"6":0,"7":0,"8":0,"9":0,"10":0,"11":0,"12":0,"13":0,"14":0,"15":0,"16":0,"17":0,"18":0,"19":0,"20":0,"21":0,"22":0,"23":0,"24":0,"25":0,"26":0,"27":0,"28":0,"29":0,"30":0,"31":1},"b":{"1":[0,0],"2":[0,0],"3":[0,0],"4":[0,0],"5":[0,0]},"f":{"1":9,"2":0,"3":0,"4":0,"5":0,"6":0,"7":0,"8":0,"9":0,"10":1},"fnMap":{"1":{"name":"constructor","line":38,"loc":{"start":{"line":38,"column":4},"end":{"line":40,"column":4}}},"2":{"name":"onlySmartContractOwner","line":42,"loc":{"start":{"line":42,"column":4},"end":{"line":45,"column":4}}},"3":{"name":"votingIsOpen","line":47,"loc":{"start":{"line":47,"column":4},"end":{"line":50,"column":4}}},"4":{"name":"createVoting","line":52,"loc":{"start":{"line":52,"column":4},"end":{"line":63,"column":4}}},"5":{"name":"vote","line":65,"loc":{"start":{"line":65,"column":4},"end":{"line":72,"column":4}}},"6":{"name":"closeVoting","line":74,"loc":{"start":{"line":74,"column":4},"end":{"line":86,"column":4}}},"7":{"name":"withdrawBalance","line":88,"loc":{"start":{"line":88,"column":4},"end":{"line":90,"column":4}}},"8":{"name":"votingDates","line":92,"loc":{"start":{"line":92,"column":4},"end":{"line":98,"column":4}}},"9":{"name":"votingDate","line":100,"loc":{"start":{"line":100,"column":4},"end":{"line":102,"column":4}}},"10":{"name":"balance","line":104,"loc":{"start":{"line":104,"column":4},"end":{"line":106,"column":4}}}},"statementMap":{"1":{"start":{"line":39,"column":8},"end":{"line":39,"column":31}},"2":{"start":{"line":43,"column":8},"end":{"line":43,"column":90}},"3":{"start":{"line":48,"column":8},"end":{"line":48,"column":76}},"4":{"start":{"line":54,"column":8},"end":{"line":54,"column":68}},"5":{"start":{"line":55,"column":8},"end":{"line":55,"column":58}},"6":{"start":{"line":56,"column":8},"end":{"line":56,"column":1639}},"7":{"start":{"line":57,"column":12},"end":{"line":57,"column":65}},"8":{"start":{"line":58,"column":12},"end":{"line":58,"column":81}},"9":{"start":{"line":59,"column":12},"end":{"line":59,"column":53}},"10":{"start":{"line":61,"column":9},"end":{"line":61,"column":35}},"11":{"start":{"line":62,"column":9},"end":{"line":62,"column":56}},"12":{"start":{"line":66,"column":8},"end":{"line":66,"column":49}},"13":{"start":{"line":67,"column":8},"end":{"line":67,"column":61}},"14":{"start":{"line":68,"column":8},"end":{"line":68,"column":55}},"15":{"start":{"line":69,"column":8},"end":{"line":69,"column":40}},"16":{"start":{"line":70,"column":8},"end":{"line":70,"column":50}},"17":{"start":{"line":75,"column":8},"end":{"line":75,"column":69}},"18":{"start":{"line":76,"column":8},"end":{"line":76,"column":62}},"19":{"start":{"line":77,"column":8},"end":{"line":77,"column":2705}},"20":{"start":{"line":78,"column":12},"end":{"line":78,"column":2791}},"21":{"start":{"line":79,"column":16},"end":{"line":79,"column":71}},"22":{"start":{"line":80,"column":16},"end":{"line":80,"column":64}},"23":{"start":{"line":84,"column":8},"end":{"line":84,"column":97}},"24":{"start":{"line":85,"column":8},"end":{"line":85,"column":52}},"25":{"start":{"line":89,"column":8},"end":{"line":89,"column":47}},"26":{"start":{"line":93,"column":8},"end":{"line":93,"column":28}},"27":{"start":{"line":94,"column":8},"end":{"line":94,"column":3471}},"28":{"start":{"line":95,"column":12},"end":{"line":95,"column":62}},"29":{"start":{"line":97,"column":8},"end":{"line":97,"column":22}},"30":{"start":{"line":101,"column":8},"end":{"line":101,"column":128}},"31":{"start":{"line":105,"column":8},"end":{"line":105,"column":37}}},"branchMap":{"1":{"line":43,"type":"if","locations":[{"start":{"line":43,"column":8},"end":{"line":43,"column":8}},{"start":{"line":43,"column":8},"end":{"line":43,"column":8}}]},"2":{"line":48,"type":"if","locations":[{"start":{"line":48,"column":8},"end":{"line":48,"column":8}},{"start":{"line":48,"column":8},"end":{"line":48,"column":8}}]},"3":{"line":67,"type":"if","locations":[{"start":{"line":67,"column":8},"end":{"line":67,"column":8}},{"start":{"line":67,"column":8},"end":{"line":67,"column":8}}]},"4":{"line":68,"type":"if","locations":[{"start":{"line":68,"column":8},"end":{"line":68,"column":8}},{"start":{"line":68,"column":8},"end":{"line":68,"column":8}}]},"5":{"line":78,"type":"if","locations":[{"start":{"line":78,"column":12},"end":{"line":78,"column":12}},{"start":{"line":78,"column":12},"end":{"line":78,"column":12}}]}}}}
