TN:
SF:C:\Users\dimokrit\Documents\HardHat\contracts\voteCon.sol
FN:38,constructor
FN:42,onlySmartContractOwner
FN:47,votingIsOpen
FN:52,createVoting
FN:65,vote
FN:74,closeVoting
FN:88,withdrawBalance
FN:92,votingDates
FN:100,votingDate
FN:104,balance
FNF:10
FNH:2
FNDA:9,constructor
FNDA:0,onlySmartContractOwner
FNDA:0,votingIsOpen
FNDA:0,createVoting
FNDA:0,vote
FNDA:0,closeVoting
FNDA:0,withdrawBalance
FNDA:0,votingDates
FNDA:0,votingDate
FNDA:1,balance
DA:39,9
DA:43,0
DA:44,0
DA:48,0
DA:49,0
DA:53,0
DA:54,0
DA:55,0
DA:56,0
DA:57,0
DA:58,0
DA:59,0
DA:61,0
DA:62,0
DA:66,0
DA:67,0
DA:68,0
DA:69,0
DA:70,0
DA:71,0
DA:75,0
DA:76,0
DA:77,0
DA:78,0
DA:79,0
DA:80,0
DA:84,0
DA:85,0
DA:89,0
DA:93,0
DA:94,0
DA:95,0
DA:97,0
DA:101,0
DA:105,1
LF:35
LH:2
BRDA:43,1,0,0
BRDA:43,1,1,0
BRDA:48,2,0,0
BRDA:48,2,1,0
BRDA:67,3,0,0
BRDA:67,3,1,0
BRDA:68,4,0,0
BRDA:68,4,1,0
BRDA:78,5,0,0
BRDA:78,5,1,0
BRF:10
BRH:0
end_of_record
